<?xml version="1.0" encoding="UTF-8"?>
<testng-results ignored="0" total="1" passed="1" failed="0" skipped="0">
  <reporter-output>
  </reporter-output>
  <suite started-at="2018-09-04T16:20:25Z" name="com.qa.test.GetApiTest" finished-at="2018-09-04T16:20:26Z" duration-ms="1056">
    <groups>
    </groups>
    <test started-at="2018-09-04T16:20:25Z" name="Command line test" finished-at="2018-09-04T16:20:26Z" duration-ms="1056">
      <class name="com.qa.test.GetApiTest">
        <test-method is-config="true" signature="setup()[pri:0, instance:com.qa.test.GetApiTest@6b19b79]" started-at="2018-09-04T21:50:25Z" name="setup" finished-at="2018-09-04T21:50:25Z" duration-ms="5" status="PASS">
          <reporter-output>
          </reporter-output>
        </test-method> <!-- setup -->
        <test-method signature="getApiTest()[pri:0, instance:com.qa.test.GetApiTest@6b19b79]" started-at="2018-09-04T21:50:25Z" name="getApiTest" finished-at="2018-09-04T21:50:26Z" duration-ms="1037" status="PASS">
          <reporter-output>
          </reporter-output>
        </test-method> <!-- getApiTest -->
      </class> <!-- com.qa.test.GetApiTest -->
    </test> <!-- Command line test -->
  </suite> <!-- com.qa.test.GetApiTest -->
</testng-results>
